Arguments: 
  /home/deepak/Node/node-v14.15.3-linux-x64/bin/node /usr/share/yarn/bin/yarn.js run compile

PATH: 
  /home/deepak/.local/bin:/snap/bin:/home/deepak/Node/node-v14.15.3-linux-x64/bin:/usr/sandbox/:/usr/local/bin:/usr/bin:/bin:/usr/local/games:/usr/games:/usr/share/games:/usr/local/sbin:/usr/sbin:/sbin:/snap/bin:/usr/local/sbin:/usr/sbin:/sbin:/usr/local/bin:/usr/bin:/bin:/usr/local/games:/usr/games:/home/deepak/.yarn/bin

Yarn version: 
  1.22.5

Node version: 
  14.15.3

Platform: 
  linux x64

Trace: 
  SyntaxError: /home/deepak/Desktop/code/save-commands/package.json: Unexpected token { in JSON at position 3115
      at JSON.parse (<anonymous>)
      at /usr/share/yarn/lib/cli.js:1625:59
      at Generator.next (<anonymous>)
      at step (/usr/share/yarn/lib/cli.js:310:30)
      at /usr/share/yarn/lib/cli.js:321:13

npm manifest: 
  {
  	"name": "save-commands",
  	"displayName": "save-commands",
  	"description": "",
  	"version": "0.0.1",
  	"engines": {
  		"vscode": "^1.52.0"
  	},
  	"categories": [
  		"Other"
  	],
  	"activationEvents": [
  		"onCommand:save-commands.addCommand",
  		"onCommand:save-commands.addGlobalCommand",
  		"onCommand:save-commands.refreshView",
  		"onCommand:save-commands.reset",
  		"onView:save-commands-view"
  	],
  	"main": "./dist/extension.js",
  	"contributes": {
  		"commands": [
  			{
  				"command": "save-commands.refreshView",
  				"title": "Refresh",
  				"icon": {
  					"light": "resources/light/refresh.svg",
  					"dark": "resources/dark/refresh.svg"
  				}
  			},
  			{
  				"command": "save-commands.deleteCommand",
  				"title": "Delete Command",
  				"category": "Save Commands"
  			},
  			{
  				"command": "save-commands.reset",
  				"title": "Reset Extension",
  				"category": "Save Commands"
  			},
  			{
  				"command": "save-commands.addCommand",
  				"title": "Add Command",
  				"icon": "resources/dep.svg",
  				"category": "Save Commands"
  			},
  			{
  				"command": "save-commands.addGlobalCommand",
  				"title": "Add Global Command",
  				"icon": "resources/dep.svg",
  				"category": "Save Commands"
  			},
  			{
  				"command": "save-commands.deleteWorkspaceCommands",
  				"title": "Delete Workspace Commands",
  				"icon": "resources/dep.svg",
  				"category": "Save Commands"
  			},
  			{
  				"command": "save-commands.deleteGlobalCommands",
  				"title": "Delete Global Commands",
  				"icon": "resources/dep.svg",
  				"category": "Save Commands"
  			},
  			{
  				"command": "save-commands.runCommand",
  				"title": "Run Command",
  				"category": "Save Commands",
  				"icon": {
  					"light": "resources/light/boolean.svg",
  					"dark": "resources/dark/boolean.svg"
  				}
  			}
  		],
  		"viewsContainers": {
  			"activitybar": [
  				{
  					"id": "save-commands-view",
  					"title": "Save Commands",
  					"icon": "resources/dep.svg",
  					"cotextualTitle": "Save Commands View"
  				}
  			]
  		},
  		"views": {
  			"save-commands-view": [
  				{
  					"id": "save-commands-view",
  					"name": "Save Commands"
  				}
  			]
  		},
  		"menus": {
  			"commandPalette": [
  				{
  					"command": "save-commands.refreshView",
  					"when": "false"
  				},
  				{
  					"command": "save-commands.runCommand",
  					"when": "false"
  				}
  			],
  			"view/title": [
  				{
  					"command": "save-commands.reset",
  					"when": "view == save-commands-view"
  				},
  				{
  					"command": "save-commands.refreshView",
  					"when": "view == save-commands-view",
  					"group": "navigation"
  				}
  			],
  			"view/item/context": [
  				{
  					"command": "save-commands.deleteCommand",
  					"when": "view == save-commands-view"
  				},
  				{
  					"command": "save-commands.runCommand",
  					"group": "inline",
  					"when": "view == save-commands-view && viewItem == child"
  				},
  				{
  					"command": "save-commands.addCommand",
  					"group": "inline",
  					"when": "view == save-commands-view && viewItem == parent-workspace"
  				},
  				{
  					"command": "save-commands.addGlobalCommand",
  					"group": "inline",
  					"when": "view == save-commands-view && viewItem == parent-global"
  				}
  				{
  					"command": "save-commands.deleteWorkspaceCommands",
  					"group": "inline",
  					"when": "view == save-commands-view && viewItem == parent-workspace"
  				},
  				{
  					"command": "save-commands.deleteGlobalCommands",
  					"group": "inline",
  					"when": "view == save-commands-view && viewItem == parent-global"
  				}
  			]
  		}
  	},
  	"scripts": {
  		"vscode:prepublish": "yarn run package",
  		"compile": "webpack --config ./build/node-extension.webpack.config.js",
  		"watch": "webpack --watch --config ./build/node-extension.webpack.config.js",
  		"package": "webpack --mode production --devtool hidden-source-map --config ./build/node-extension.webpack.config.js",
  		"test-compile": "tsc -p ./",
  		"test-watch": "tsc -watch -p ./",
  		"pretest": "yarn run test-compile && yarn run lint",
  		"lint": "eslint src --ext ts",
  		"test": "node ./out/test/runTest.js"
  	},
  	"devDependencies": {
  		"@types/vscode": "^1.52.0",
  		"@types/glob": "^7.1.3",
  		"@types/mocha": "^8.0.4",
  		"@types/node": "^12.11.7",
  		"eslint": "^7.15.0",
  		"@typescript-eslint/eslint-plugin": "^4.9.0",
  		"@typescript-eslint/parser": "^4.9.0",
  		"glob": "^7.1.6",
  		"mocha": "^8.1.3",
  		"typescript": "^4.1.2",
  		"vscode-test": "^1.4.1",
  		"ts-loader": "^8.0.11",
  		"webpack": "^5.10.0",
  		"webpack-cli": "^4.2.0"
  	}
  }

yarn manifest: 
  No manifest

Lockfile: 
  # THIS IS AN AUTOGENERATED FILE. DO NOT EDIT THIS FILE DIRECTLY.
  # yarn lockfile v1
